0 info it worked if it ends with ok
1 verbose cli [ '/usr/bin/nodejs', '/usr/bin/npm', 'start' ]
2 info using npm@3.10.5
3 info using node@v4.4.7
4 verbose run-script [ 'prestart', 'start', 'poststart' ]
5 info lifecycle fj16-kuvakone@0.0.0~prestart: fj16-kuvakone@0.0.0
6 silly lifecycle fj16-kuvakone@0.0.0~prestart: no script for prestart, continuing
7 info lifecycle fj16-kuvakone@0.0.0~start: fj16-kuvakone@0.0.0
8 verbose lifecycle fj16-kuvakone@0.0.0~start: unsafe-perm in lifecycle true
9 verbose lifecycle fj16-kuvakone@0.0.0~start: PATH: /usr/lib/node_modules/npm/bin/node-gyp-bin:/vagrant/node_modules/.bin:/usr/bin:/usr/local/sbin:/usr/local/bin:/usr/sbin:/usr/bin:/sbin:/bin:/usr/games:/usr/local/games
10 verbose lifecycle fj16-kuvakone@0.0.0~start: CWD: /vagrant
11 silly lifecycle fj16-kuvakone@0.0.0~start: Args: [ '-c', 'babel-node .' ]
12 silly lifecycle fj16-kuvakone@0.0.0~start: Returned: code: 1  signal: null
13 info lifecycle fj16-kuvakone@0.0.0~start: Failed to exec start script
14 verbose stack Error: fj16-kuvakone@0.0.0 start: `babel-node .`
14 verbose stack Exit status 1
14 verbose stack     at EventEmitter.<anonymous> (/usr/lib/node_modules/npm/lib/utils/lifecycle.js:242:16)
14 verbose stack     at emitTwo (events.js:87:13)
14 verbose stack     at EventEmitter.emit (events.js:172:7)
14 verbose stack     at ChildProcess.<anonymous> (/usr/lib/node_modules/npm/lib/utils/spawn.js:40:14)
14 verbose stack     at emitTwo (events.js:87:13)
14 verbose stack     at ChildProcess.emit (events.js:172:7)
14 verbose stack     at maybeClose (internal/child_process.js:827:16)
14 verbose stack     at Process.ChildProcess._handle.onexit (internal/child_process.js:211:5)
15 verbose pkgid fj16-kuvakone@0.0.0
16 verbose cwd /vagrant
17 error Linux 3.13.0-92-generic
18 error argv "/usr/bin/nodejs" "/usr/bin/npm" "start"
19 error node v4.4.7
20 error npm  v3.10.5
21 error code ELIFECYCLE
22 error fj16-kuvakone@0.0.0 start: `babel-node .`
22 error Exit status 1
23 error Failed at the fj16-kuvakone@0.0.0 start script 'babel-node .'.
23 error Make sure you have the latest version of node.js and npm installed.
23 error If you do, this is most likely a problem with the fj16-kuvakone package,
23 error not with npm itself.
23 error Tell the author that this fails on your system:
23 error     babel-node .
23 error You can get information on how to open an issue for this project with:
23 error     npm bugs fj16-kuvakone
23 error Or if that isn't available, you can get their info via:
23 error     npm owner ls fj16-kuvakone
23 error There is likely additional logging output above.
24 verbose exit [ 1, true ]
